{
  "RSpec": {
    "coverage": {
      "/Users/anhtran8/turing/mod1/projects/enigma/spec/enigma_spec.rb": {
        "lines": [
          1,
          1,
          null,
          1,
          15,
          null,
          1,
          1,
          null,
          null,
          1,
          1,
          null,
          null,
          1,
          1,
          1,
          5,
          null,
          1,
          1,
          null,
          null,
          1,
          1,
          null,
          1,
          null,
          null,
          1,
          1,
          null,
          null,
          1,
          1,
          null,
          null,
          null,
          null,
          null,
          null,
          null,
          1,
          1,
          1,
          1,
          null,
          null,
          1,
          1,
          null,
          null,
          null,
          null,
          null,
          null,
          null,
          1,
          1,
          1,
          1,
          null,
          null,
          1,
          1,
          null,
          null,
          null,
          null,
          null,
          null,
          null,
          1,
          1,
          1,
          null,
          null,
          1,
          1,
          null,
          1,
          null,
          null,
          null,
          null,
          null,
          null,
          null,
          1,
          1,
          null,
          1,
          null,
          null,
          null,
          null,
          null,
          null,
          null,
          1,
          1,
          1,
          null,
          1,
          null,
          null,
          null,
          null,
          null,
          null,
          null
        ]
      },
      "/Users/anhtran8/turing/mod1/projects/enigma/lib/enigma.rb": {
        "lines": [
          1,
          null,
          1,
          1,
          null,
          null,
          1,
          14,
          14,
          null,
          null,
          1,
          684,
          684,
          null,
          null,
          1,
          null,
          null,
          null,
          2,
          null,
          null,
          1,
          12,
          null,
          12,
          12,
          12,
          12,
          12,
          12,
          null,
          null,
          null,
          1,
          12,
          12,
          48,
          null,
          12,
          null,
          null,
          null,
          1,
          12,
          12,
          12,
          12,
          12,
          12,
          null,
          null,
          null,
          1,
          6,
          6,
          null,
          6,
          6,
          6,
          68,
          2,
          null,
          66,
          66,
          84,
          null,
          66,
          66,
          66,
          null,
          null,
          6,
          null,
          null,
          1,
          3,
          3,
          3,
          3,
          3,
          null,
          null,
          1,
          5,
          5,
          null,
          5,
          5,
          5,
          57,
          2,
          null,
          55,
          55,
          68,
          null,
          55,
          null,
          55,
          55,
          null,
          null,
          5,
          null,
          null,
          1,
          2,
          2,
          2,
          2,
          2,
          null,
          null,
          1,
          1,
          null,
          null
        ]
      }
    },
    "timestamp": 1668293994
  }
}
