{
  "RSpec": {
    "coverage": {
      "/Users/anhtran8/turing/mod1/projects/enigma/spec/enigma_spec.rb": {
        "lines": [
          1,
          1,
          null,
          1,
          7,
          null,
          1,
          1,
          null,
          null,
          1,
          1,
          null,
          null,
          null,
          null,
          null,
          null,
          null,
          1,
          1,
          null,
          null,
          null,
          null,
          null,
          null,
          null,
          1,
          1,
          null,
          1,
          null,
          null,
          null,
          null,
          null,
          null,
          null,
          1,
          1,
          null,
          1,
          null,
          null,
          null,
          null,
          null,
          null,
          null,
          1,
          1,
          1,
          null,
          1,
          null,
          null,
          null,
          null,
          null,
          null,
          null
        ]
      },
      "/Users/anhtran8/turing/mod1/projects/enigma/lib/enigma.rb": {
        "lines": [
          1,
          1,
          1,
          null,
          1,
          1,
          null,
          1,
          3,
          3,
          3,
          3,
          3,
          null,
          null,
          1,
          2,
          2,
          2,
          2,
          2,
          null,
          null
        ]
      },
      "/Users/anhtran8/turing/mod1/projects/enigma/lib/enigma_default.rb": {
        "lines": [
          1,
          1,
          null,
          1,
          12,
          null,
          null,
          1,
          714,
          714,
          null,
          null,
          1,
          1,
          null,
          null,
          1,
          2,
          2,
          2,
          10,
          null,
          2,
          null,
          null
        ]
      },
      "/Users/anhtran8/turing/mod1/projects/enigma/lib/cipher.rb": {
        "lines": [
          1,
          null,
          1,
          1,
          6,
          6,
          6,
          6,
          69,
          5,
          null,
          64,
          64,
          81,
          null,
          64,
          64,
          64,
          null,
          null,
          6,
          null,
          null,
          1,
          6,
          6,
          6,
          6,
          70,
          5,
          null,
          65,
          65,
          78,
          null,
          65,
          65,
          65,
          null,
          null,
          6,
          null,
          null
        ]
      },
      "/Users/anhtran8/turing/mod1/projects/enigma/spec/enigma_default_spec.rb": {
        "lines": [
          1,
          1,
          null,
          1,
          5,
          null,
          1,
          1,
          null,
          null,
          1,
          1,
          null,
          null,
          1,
          1,
          1,
          null,
          null,
          1,
          1,
          1,
          5,
          null,
          1,
          1,
          null,
          null
        ]
      },
      "/Users/anhtran8/turing/mod1/projects/enigma/spec/cipher_spec.rb": {
        "lines": [
          1,
          1,
          null,
          1,
          3,
          null,
          1,
          1,
          1,
          1,
          null,
          null,
          1,
          1,
          1,
          1,
          1,
          null,
          null
        ]
      },
      "/Users/anhtran8/turing/mod1/projects/enigma/spec/shift_spec.rb": {
        "lines": [
          1,
          null,
          1,
          5,
          null,
          1,
          1,
          null,
          null,
          1,
          1,
          null,
          null,
          null,
          null,
          null,
          null,
          null,
          1,
          1,
          null,
          1,
          null,
          null,
          1,
          1,
          null,
          null
        ]
      },
      "/Users/anhtran8/turing/mod1/projects/enigma/lib/shift.rb": {
        "lines": [
          1,
          1,
          16,
          16,
          16,
          null,
          null,
          1,
          13,
          13,
          13,
          13,
          13,
          null,
          null,
          1,
          null,
          17,
          17,
          68,
          null,
          null,
          null,
          1,
          17,
          17,
          17,
          17,
          17,
          17,
          17,
          null,
          null
        ]
      }
    },
    "timestamp": 1668542630
  }
}
